  ThirdScene.cpp
C:\Users\18521\Desktop\Nhập môn Game\NMGame\Scenes\ThirdScene.cpp(44,72): warning C4244: 'argument': conversion from 'int' to 'float', possible loss of data
C:\Users\18521\Desktop\Nhập môn Game\NMGame\Scenes\ThirdScene.cpp(44,49): warning C4244: 'argument': conversion from 'int' to 'float', possible loss of data
C:\Users\18521\Desktop\Nhập môn Game\NMGame\Scenes\ThirdScene.cpp(56,72): warning C4244: 'argument': conversion from 'int' to 'float', possible loss of data
C:\Users\18521\Desktop\Nhập môn Game\NMGame\Scenes\ThirdScene.cpp(56,49): warning C4244: 'argument': conversion from 'int' to 'float', possible loss of data
C:\Users\18521\Desktop\Nhập môn Game\NMGame\Scenes\ThirdScene.cpp(108,78): warning C4244: 'argument': conversion from 'int' to 'FLOAT', possible loss of data
C:\Users\18521\Desktop\Nhập môn Game\NMGame\Scenes\ThirdScene.cpp(108,63): warning C4244: 'argument': conversion from 'int' to 'FLOAT', possible loss of data
C:\Users\18521\Desktop\Nhập môn Game\NMGame\Scenes\ThirdScene.cpp(112,74): warning C4244: 'argument': conversion from 'int' to 'FLOAT', possible loss of data
C:\Users\18521\Desktop\Nhập môn Game\NMGame\Scenes\ThirdScene.cpp(112,59): warning C4244: 'argument': conversion from 'int' to 'FLOAT', possible loss of data
C:\Users\18521\Desktop\Nhập môn Game\NMGame\Scenes\ThirdScene.cpp(116,75): warning C4244: 'argument': conversion from 'int' to 'FLOAT', possible loss of data
C:\Users\18521\Desktop\Nhập môn Game\NMGame\Scenes\ThirdScene.cpp(116,60): warning C4244: 'argument': conversion from 'int' to 'FLOAT', possible loss of data
C:\Users\18521\Desktop\Nhập môn Game\NMGame\Scenes\ThirdScene.cpp(209,52): warning C4244: 'argument': conversion from 'LONG' to 'float', possible loss of data
C:\Users\18521\Desktop\Nhập môn Game\NMGame\Scenes\ThirdScene.cpp(215,53): warning C4244: 'argument': conversion from 'LONG' to 'float', possible loss of data
C:\Users\18521\Desktop\Nhập môn Game\NMGame\Scenes\ThirdScene.cpp(222,77): warning C4244: 'argument': conversion from 'LONG' to 'float', possible loss of data
C:\Users\18521\Desktop\Nhập môn Game\NMGame\Scenes\ThirdScene.cpp(229,37): warning C4244: 'argument': conversion from 'LONG' to 'float', possible loss of data
C:\Users\18521\Desktop\Nhập môn Game\NMGame\Scenes\ThirdScene.cpp(241,23): warning C4018: '<': signed/unsigned mismatch
C:\Users\18521\Desktop\Nhập môn Game\NMGame\Scenes\ThirdScene.cpp(495,64): warning C4244: '=': conversion from 'float' to 'LONG', possible loss of data
C:\Users\18521\Desktop\Nhập môn Game\NMGame\Scenes\ThirdScene.cpp(496,65): warning C4244: '=': conversion from 'float' to 'LONG', possible loss of data
C:\Users\18521\Desktop\Nhập môn Game\NMGame\Scenes\ThirdScene.cpp(511,23): warning C4018: '<': signed/unsigned mismatch
  NMGame.vcxproj -> C:\Users\18521\Desktop\Nhập môn Game\Debug\NMGame.exe
